  main.cpp
  BunkerController.cpp
  BunkerView.cpp
  ElementService.cpp
  SubzeroController.cpp
  ThunderSnakeController.cpp
  UFOController.cpp
  ZapperController.cpp
  EnemyController.cpp
D:\SME\SME-Assignment\Space-Invaders\header\Player\PlayerModel.h(57,52): warning C4244: 'initializing': conversion from 'float' to 'const int', possible loss of data
  (compiling source file 'source/Enemy/EnemyController.cpp')
  
D:\SME\SME-Assignment\Space-Invaders\header\Player\PlayerController.h(14,21): error C2143: syntax error: missing ';' before '*'
  (compiling source file 'source/Enemy/EnemyController.cpp')
  
D:\SME\SME-Assignment\Space-Invaders\header\Player\PlayerController.h(14,21): error C4430: missing type specifier - int assumed. Note: C++ does not support default-int
  (compiling source file 'source/Enemy/EnemyController.cpp')
  
D:\SME\SME-Assignment\Space-Invaders\header\Player\PlayerController.h(14,36): error C2238: unexpected token(s) preceding ';'
  (compiling source file 'source/Enemy/EnemyController.cpp')
  
D:\SME\SME-Assignment\Space-Invaders\header\Player\PlayerController.h(42,33): error C2653: 'SimpleBullet': is not a class or namespace name
  (compiling source file 'source/Enemy/EnemyController.cpp')
  
D:\SME\SME-Assignment\Space-Invaders\header\Player\PlayerController.h(42,53): error C4430: missing type specifier - int assumed. Note: C++ does not support default-int
  (compiling source file 'source/Enemy/EnemyController.cpp')
  
D:\SME\SME-Assignment\Space-Invaders\header\Player\PlayerController.h(42,53): error C2143: syntax error: missing ',' before '&'
  (compiling source file 'source/Enemy/EnemyController.cpp')
  
D:\SME\SME-Assignment\Space-Invaders\header\Player\PlayerController.h(54,26): error C2061: syntax error: identifier 'EventService'
  (compiling source file 'source/Enemy/EnemyController.cpp')
  
D:\SME\SME-Assignment\Space-Invaders\header\Player\PlayerController.h(54,9): error C2535: 'Player::PlayerController::PlayerController(void)': member function already defined or declared
  (compiling source file 'source/Enemy/EnemyController.cpp')
  D:\SME\SME-Assignment\Space-Invaders\header\Player\PlayerController.h(47,9):
  see declaration of 'Player::PlayerController::PlayerController'
  
D:\SME\SME-Assignment\Space-Invaders\header\Player\PlayerController.h(67,14): error C2535: 'void Player::PlayerController::fireSimpleBullet(void)': member function already defined or declared
  (compiling source file 'source/Enemy/EnemyController.cpp')
  D:\SME\SME-Assignment\Space-Invaders\header\Player\PlayerController.h(38,14):
  see declaration of 'Player::PlayerController::fireSimpleBullet'
  
D:\SME\SME-Assignment\Space-Invaders\source\Enemy\EnemyController.cpp(53,27): warning C4244: 'initializing': conversion from 'int' to 'float', possible loss of data
  EnemyService.cpp
  EnemyView.cpp
  EventService.cpp
  GameplayService.cpp
  GameplayView.cpp
D:\SME\SME-Assignment\Space-Invaders\source\Gameplay\GameplayView.cpp(23,26): warning C4244: 'argument': conversion from 'T' to 'float', possible loss of data
D:\SME\SME-Assignment\Space-Invaders\source\Gameplay\GameplayView.cpp(23,26): warning C4244:         with
D:\SME\SME-Assignment\Space-Invaders\source\Gameplay\GameplayView.cpp(23,26): warning C4244:         [
D:\SME\SME-Assignment\Space-Invaders\source\Gameplay\GameplayView.cpp(23,26): warning C4244:             T=unsigned int
D:\SME\SME-Assignment\Space-Invaders\source\Gameplay\GameplayView.cpp(23,26): warning C4244:         ]
D:\SME\SME-Assignment\Space-Invaders\source\Gameplay\GameplayView.cpp(22,26): warning C4244: 'argument': conversion from 'T' to 'float', possible loss of data
D:\SME\SME-Assignment\Space-Invaders\source\Gameplay\GameplayView.cpp(22,26): warning C4244:         with
D:\SME\SME-Assignment\Space-Invaders\source\Gameplay\GameplayView.cpp(22,26): warning C4244:         [
D:\SME\SME-Assignment\Space-Invaders\source\Gameplay\GameplayView.cpp(22,26): warning C4244:             T=unsigned int
D:\SME\SME-Assignment\Space-Invaders\source\Gameplay\GameplayView.cpp(22,26): warning C4244:         ]
  ServiceLocator.cpp
  ParticleSystem.cpp
D:\SME\SME-Assignment\Space-Invaders\source\Particle\ParticleSystem.cpp(39,109): warning C4244: 'argument': conversion from 'float' to 'T', possible loss of data
D:\SME\SME-Assignment\Space-Invaders\source\Particle\ParticleSystem.cpp(39,109): warning C4244:         with
D:\SME\SME-Assignment\Space-Invaders\source\Particle\ParticleSystem.cpp(39,109): warning C4244:         [
D:\SME\SME-Assignment\Space-Invaders\source\Particle\ParticleSystem.cpp(39,109): warning C4244:             T=int
D:\SME\SME-Assignment\Space-Invaders\source\Particle\ParticleSystem.cpp(39,109): warning C4244:         ]
D:\SME\SME-Assignment\Space-Invaders\source\Particle\ParticleSystem.cpp(39,74): warning C4244: 'argument': conversion from 'float' to 'T', possible loss of data
D:\SME\SME-Assignment\Space-Invaders\source\Particle\ParticleSystem.cpp(39,74): warning C4244:         with
D:\SME\SME-Assignment\Space-Invaders\source\Particle\ParticleSystem.cpp(39,74): warning C4244:         [
D:\SME\SME-Assignment\Space-Invaders\source\Particle\ParticleSystem.cpp(39,74): warning C4244:             T=int
D:\SME\SME-Assignment\Space-Invaders\source\Particle\ParticleSystem.cpp(39,74): warning C4244:         ]
D:\SME\SME-Assignment\Space-Invaders\source\Particle\ParticleSystem.cpp(61,27): warning C4244: 'argument': conversion from 'float' to 'T', possible loss of data
D:\SME\SME-Assignment\Space-Invaders\source\Particle\ParticleSystem.cpp(61,27): warning C4244:         with
D:\SME\SME-Assignment\Space-Invaders\source\Particle\ParticleSystem.cpp(61,27): warning C4244:         [
D:\SME\SME-Assignment\Space-Invaders\source\Particle\ParticleSystem.cpp(61,27): warning C4244:             T=int
D:\SME\SME-Assignment\Space-Invaders\source\Particle\ParticleSystem.cpp(61,27): warning C4244:         ]
D:\SME\SME-Assignment\Space-Invaders\source\Particle\ParticleSystem.cpp(60,27): warning C4244: 'argument': conversion from 'float' to 'T', possible loss of data
D:\SME\SME-Assignment\Space-Invaders\source\Particle\ParticleSystem.cpp(60,27): warning C4244:         with
D:\SME\SME-Assignment\Space-Invaders\source\Particle\ParticleSystem.cpp(60,27): warning C4244:         [
D:\SME\SME-Assignment\Space-Invaders\source\Particle\ParticleSystem.cpp(60,27): warning C4244:             T=int
D:\SME\SME-Assignment\Space-Invaders\source\Particle\ParticleSystem.cpp(60,27): warning C4244:         ]
D:\SME\SME-Assignment\Space-Invaders\source\Particle\ParticleSystem.cpp(58,19): warning C4244: 'argument': conversion from 'float' to 'T', possible loss of data
D:\SME\SME-Assignment\Space-Invaders\source\Particle\ParticleSystem.cpp(58,19): warning C4244:         with
D:\SME\SME-Assignment\Space-Invaders\source\Particle\ParticleSystem.cpp(58,19): warning C4244:         [
D:\SME\SME-Assignment\Space-Invaders\source\Particle\ParticleSystem.cpp(58,19): warning C4244:             T=int
D:\SME\SME-Assignment\Space-Invaders\source\Particle\ParticleSystem.cpp(58,19): warning C4244:         ]
  OutscalBombController.cpp
  RapidFireController.cpp
  ShieldController.cpp
  TrippleLaserController.cpp
  Generating Code...
D:\SME\SME-Assignment\Space-Invaders\source\Enemy\EnemyView.cpp(66,1): warning C4715: 'Enemy::EnemyView::getEnemyTexturePath': not all control paths return a value
D:\SME\SME-Assignment\Space-Invaders\source\Enemy\EnemyService.cpp(91,1): warning C4715: 'Enemy::EnemyService::createEnemy': not all control paths return a value
D:\SME\SME-Assignment\Space-Invaders\source\Enemy\Controller\ThunderSnakeController.cpp(39,1): warning C4715: 'Enemy::Controller::ThunderSnakeController::getInitialMovementDirection': not all control paths return a value
  Compiling...
  PowerupController.cpp
D:\SME\SME-Assignment\Space-Invaders\header\Player\PlayerModel.h(57,52): warning C4244: 'initializing': conversion from 'float' to 'const int', possible loss of data
  (compiling source file 'source/Powerup/PowerupController.cpp')
  
D:\SME\SME-Assignment\Space-Invaders\header\Player\PlayerController.h(14,21): error C2143: syntax error: missing ';' before '*'
  (compiling source file 'source/Powerup/PowerupController.cpp')
  
D:\SME\SME-Assignment\Space-Invaders\header\Player\PlayerController.h(14,21): error C4430: missing type specifier - int assumed. Note: C++ does not support default-int
  (compiling source file 'source/Powerup/PowerupController.cpp')
  
D:\SME\SME-Assignment\Space-Invaders\header\Player\PlayerController.h(14,36): error C2238: unexpected token(s) preceding ';'
  (compiling source file 'source/Powerup/PowerupController.cpp')
  
D:\SME\SME-Assignment\Space-Invaders\header\Player\PlayerController.h(42,33): error C2653: 'SimpleBullet': is not a class or namespace name
  (compiling source file 'source/Powerup/PowerupController.cpp')
  
D:\SME\SME-Assignment\Space-Invaders\header\Player\PlayerController.h(42,53): error C4430: missing type specifier - int assumed. Note: C++ does not support default-int
  (compiling source file 'source/Powerup/PowerupController.cpp')
  
D:\SME\SME-Assignment\Space-Invaders\header\Player\PlayerController.h(42,53): error C2143: syntax error: missing ',' before '&'
  (compiling source file 'source/Powerup/PowerupController.cpp')
  
D:\SME\SME-Assignment\Space-Invaders\header\Player\PlayerController.h(54,26): error C2061: syntax error: identifier 'EventService'
  (compiling source file 'source/Powerup/PowerupController.cpp')
  
D:\SME\SME-Assignment\Space-Invaders\header\Player\PlayerController.h(54,9): error C2535: 'Player::PlayerController::PlayerController(void)': member function already defined or declared
  (compiling source file 'source/Powerup/PowerupController.cpp')
  D:\SME\SME-Assignment\Space-Invaders\header\Player\PlayerController.h(47,9):
  see declaration of 'Player::PlayerController::PlayerController'
  
D:\SME\SME-Assignment\Space-Invaders\header\Player\PlayerController.h(67,14): error C2535: 'void Player::PlayerController::fireSimpleBullet(void)': member function already defined or declared
  (compiling source file 'source/Powerup/PowerupController.cpp')
  D:\SME\SME-Assignment\Space-Invaders\header\Player\PlayerController.h(38,14):
  see declaration of 'Player::PlayerController::fireSimpleBullet'
  
  PowerupService.cpp
  PowerupView.cpp
  GameService.cpp
  PlayerController.cpp
D:\SME\SME-Assignment\Space-Invaders\header\Player\PlayerModel.h(57,52): warning C4244: 'initializing': conversion from 'float' to 'const int', possible loss of data
  (compiling source file 'source/Player/PlayerController.cpp')
  
D:\SME\SME-Assignment\Space-Invaders\header\Player\PlayerController.h(14,21): error C2143: syntax error: missing ';' before '*'
  (compiling source file 'source/Player/PlayerController.cpp')
  
D:\SME\SME-Assignment\Space-Invaders\header\Player\PlayerController.h(14,21): error C4430: missing type specifier - int assumed. Note: C++ does not support default-int
  (compiling source file 'source/Player/PlayerController.cpp')
  
D:\SME\SME-Assignment\Space-Invaders\header\Player\PlayerController.h(14,36): error C2238: unexpected token(s) preceding ';'
  (compiling source file 'source/Player/PlayerController.cpp')
  
D:\SME\SME-Assignment\Space-Invaders\header\Player\PlayerController.h(42,33): error C2653: 'SimpleBullet': is not a class or namespace name
  (compiling source file 'source/Player/PlayerController.cpp')
  
D:\SME\SME-Assignment\Space-Invaders\header\Player\PlayerController.h(42,53): error C4430: missing type specifier - int assumed. Note: C++ does not support default-int
  (compiling source file 'source/Player/PlayerController.cpp')
  
D:\SME\SME-Assignment\Space-Invaders\header\Player\PlayerController.h(42,53): error C2143: syntax error: missing ',' before '&'
  (compiling source file 'source/Player/PlayerController.cpp')
  
D:\SME\SME-Assignment\Space-Invaders\header\Player\PlayerController.h(54,26): error C2061: syntax error: identifier 'EventService'
  (compiling source file 'source/Player/PlayerController.cpp')
  
D:\SME\SME-Assignment\Space-Invaders\header\Player\PlayerController.h(54,9): error C2535: 'Player::PlayerController::PlayerController(void)': member function already defined or declared
  (compiling source file 'source/Player/PlayerController.cpp')
  D:\SME\SME-Assignment\Space-Invaders\header\Player\PlayerController.h(47,9):
  see declaration of 'Player::PlayerController::PlayerController'
  
D:\SME\SME-Assignment\Space-Invaders\header\Player\PlayerController.h(67,14): error C2535: 'void Player::PlayerController::fireSimpleBullet(void)': member function already defined or declared
  (compiling source file 'source/Player/PlayerController.cpp')
  D:\SME\SME-Assignment\Space-Invaders\header\Player\PlayerController.h(38,14):
  see declaration of 'Player::PlayerController::fireSimpleBullet'
  
D:\SME\SME-Assignment\Space-Invaders\header\Gameplay\HighScore.h(17,6): warning C4091: 'static ': ignored on left of 'Gameplay::HighScore' when no variable is declared
  (compiling source file 'source/Player/PlayerController.cpp')
  
D:\SME\SME-Assignment\Space-Invaders\source\Player\PlayerController.cpp(208,7): error C2065: 'event_service': undeclared identifier
D:\SME\SME-Assignment\Space-Invaders\source\Player\PlayerController.cpp(216,24): error C2512: 'SimpleBullet::Bullet': no appropriate default constructor available
  D:\SME\SME-Assignment\Space-Invaders\header\Player\PlayerController.h(78,12):
  see declaration of 'SimpleBullet::Bullet'
  
D:\SME\SME-Assignment\Space-Invaders\source\Player\PlayerController.cpp(220,16): error C2039: 'setPosition': is not a member of 'SimpleBullet::Bullet'
  D:\SME\SME-Assignment\Space-Invaders\header\Player\PlayerController.h(78,12):
  see declaration of 'SimpleBullet::Bullet'
  
D:\SME\SME-Assignment\Space-Invaders\source\Player\PlayerController.cpp(223,16): error C2039: 'setVelocity': is not a member of 'SimpleBullet::Bullet'
  D:\SME\SME-Assignment\Space-Invaders\header\Player\PlayerController.h(78,12):
  see declaration of 'SimpleBullet::Bullet'
  
D:\SME\SME-Assignment\Space-Invaders\source\Player\PlayerController.cpp(226,3): error C2664: 'void Player::PlayerController::renderBullet(const int)': cannot convert argument 1 from 'SimpleBullet::Bullet' to 'const int'
  D:\SME\SME-Assignment\Space-Invaders\source\Player\PlayerController.cpp(226,16):
  No user-defined-conversion operator available that can perform this conversion, or the operator cannot be called
  D:\SME\SME-Assignment\Space-Invaders\header\Player\PlayerController.h(42,14):
  see declaration of 'Player::PlayerController::renderBullet'
  D:\SME\SME-Assignment\Space-Invaders\source\Player\PlayerController.cpp(226,3):
  while trying to match the argument list '(SimpleBullet::Bullet)'
  
  PlayerService.cpp
D:\SME\SME-Assignment\Space-Invaders\header\Player\PlayerModel.h(57,52): warning C4244: 'initializing': conversion from 'float' to 'const int', possible loss of data
  (compiling source file 'source/Player/PlayerService.cpp')
  
D:\SME\SME-Assignment\Space-Invaders\header\Player\PlayerController.h(14,21): error C2143: syntax error: missing ';' before '*'
  (compiling source file 'source/Player/PlayerService.cpp')
  
D:\SME\SME-Assignment\Space-Invaders\header\Player\PlayerController.h(14,21): error C4430: missing type specifier - int assumed. Note: C++ does not support default-int
  (compiling source file 'source/Player/PlayerService.cpp')
  
D:\SME\SME-Assignment\Space-Invaders\header\Player\PlayerController.h(14,36): error C2238: unexpected token(s) preceding ';'
  (compiling source file 'source/Player/PlayerService.cpp')
  
D:\SME\SME-Assignment\Space-Invaders\header\Player\PlayerController.h(42,33): error C2653: 'SimpleBullet': is not a class or namespace name
  (compiling source file 'source/Player/PlayerService.cpp')
  
D:\SME\SME-Assignment\Space-Invaders\header\Player\PlayerController.h(42,53): error C4430: missing type specifier - int assumed. Note: C++ does not support default-int
  (compiling source file 'source/Player/PlayerService.cpp')
  
D:\SME\SME-Assignment\Space-Invaders\header\Player\PlayerController.h(42,53): error C2143: syntax error: missing ',' before '&'
  (compiling source file 'source/Player/PlayerService.cpp')
  
D:\SME\SME-Assignment\Space-Invaders\header\Player\PlayerController.h(54,26): error C2061: syntax error: identifier 'EventService'
  (compiling source file 'source/Player/PlayerService.cpp')
  
D:\SME\SME-Assignment\Space-Invaders\header\Player\PlayerController.h(54,9): error C2535: 'Player::PlayerController::PlayerController(void)': member function already defined or declared
  (compiling source file 'source/Player/PlayerService.cpp')
  D:\SME\SME-Assignment\Space-Invaders\header\Player\PlayerController.h(47,9):
  see declaration of 'Player::PlayerController::PlayerController'
  
D:\SME\SME-Assignment\Space-Invaders\header\Player\PlayerController.h(67,14): error C2535: 'void Player::PlayerController::fireSimpleBullet(void)': member function already defined or declared
  (compiling source file 'source/Player/PlayerService.cpp')
  D:\SME\SME-Assignment\Space-Invaders\header\Player\PlayerController.h(38,14):
  see declaration of 'Player::PlayerController::fireSimpleBullet'
  
  PlayerView.cpp
D:\SME\SME-Assignment\Space-Invaders\header\Player\PlayerModel.h(57,52): warning C4244: 'initializing': conversion from 'float' to 'const int', possible loss of data
  (compiling source file 'source/Player/PlayerView.cpp')
  
D:\SME\SME-Assignment\Space-Invaders\header\Player\PlayerController.h(14,21): error C2143: syntax error: missing ';' before '*'
  (compiling source file 'source/Player/PlayerView.cpp')
  
D:\SME\SME-Assignment\Space-Invaders\header\Player\PlayerController.h(14,21): error C4430: missing type specifier - int assumed. Note: C++ does not support default-int
  (compiling source file 'source/Player/PlayerView.cpp')
  
D:\SME\SME-Assignment\Space-Invaders\header\Player\PlayerController.h(14,36): error C2238: unexpected token(s) preceding ';'
  (compiling source file 'source/Player/PlayerView.cpp')
  
D:\SME\SME-Assignment\Space-Invaders\header\Player\PlayerController.h(42,33): error C2653: 'SimpleBullet': is not a class or namespace name
  (compiling source file 'source/Player/PlayerView.cpp')
  
D:\SME\SME-Assignment\Space-Invaders\header\Player\PlayerController.h(42,53): error C4430: missing type specifier - int assumed. Note: C++ does not support default-int
  (compiling source file 'source/Player/PlayerView.cpp')
  
D:\SME\SME-Assignment\Space-Invaders\header\Player\PlayerController.h(42,53): error C2143: syntax error: missing ',' before '&'
  (compiling source file 'source/Player/PlayerView.cpp')
  
D:\SME\SME-Assignment\Space-Invaders\header\Player\PlayerController.h(54,26): error C2061: syntax error: identifier 'EventService'
  (compiling source file 'source/Player/PlayerView.cpp')
  
D:\SME\SME-Assignment\Space-Invaders\header\Player\PlayerController.h(54,9): error C2535: 'Player::PlayerController::PlayerController(void)': member function already defined or declared
  (compiling source file 'source/Player/PlayerView.cpp')
  D:\SME\SME-Assignment\Space-Invaders\header\Player\PlayerController.h(47,9):
  see declaration of 'Player::PlayerController::PlayerController'
  
D:\SME\SME-Assignment\Space-Invaders\header\Player\PlayerController.h(67,14): error C2535: 'void Player::PlayerController::fireSimpleBullet(void)': member function already defined or declared
  (compiling source file 'source/Player/PlayerView.cpp')
  D:\SME\SME-Assignment\Space-Invaders\header\Player\PlayerController.h(38,14):
  see declaration of 'Player::PlayerController::fireSimpleBullet'
  
  CreditsScreenUIController.cpp
D:\SME\SME-Assignment\Space-Invaders\source\UI\Credits\CreditsScreenUIController.cpp(64,123): warning C4244: 'argument': conversion from 'T' to 'float', possible loss of data
D:\SME\SME-Assignment\Space-Invaders\source\UI\Credits\CreditsScreenUIController.cpp(64,123): warning C4244:         with
D:\SME\SME-Assignment\Space-Invaders\source\UI\Credits\CreditsScreenUIController.cpp(64,123): warning C4244:         [
D:\SME\SME-Assignment\Space-Invaders\source\UI\Credits\CreditsScreenUIController.cpp(64,123): warning C4244:             T=unsigned int
D:\SME\SME-Assignment\Space-Invaders\source\UI\Credits\CreditsScreenUIController.cpp(64,123): warning C4244:         ]
D:\SME\SME-Assignment\Space-Invaders\source\UI\Credits\CreditsScreenUIController.cpp(64,97): warning C4244: 'argument': conversion from 'T' to 'float', possible loss of data
D:\SME\SME-Assignment\Space-Invaders\source\UI\Credits\CreditsScreenUIController.cpp(64,97): warning C4244:         with
D:\SME\SME-Assignment\Space-Invaders\source\UI\Credits\CreditsScreenUIController.cpp(64,97): warning C4244:         [
D:\SME\SME-Assignment\Space-Invaders\source\UI\Credits\CreditsScreenUIController.cpp(64,97): warning C4244:             T=unsigned int
D:\SME\SME-Assignment\Space-Invaders\source\UI\Credits\CreditsScreenUIController.cpp(64,97): warning C4244:         ]
  GameplayUIController.cpp
D:\SME\SME-Assignment\Space-Invaders\header\Player\PlayerModel.h(57,52): warning C4244: 'initializing': conversion from 'float' to 'const int', possible loss of data
  (compiling source file 'source/UI/GameplayUI/GameplayUIController.cpp')
  
D:\SME\SME-Assignment\Space-Invaders\source\UI\GameplayUI\GameplayUIController.cpp(46,129): warning C4244: 'argument': conversion from 'const float' to 'int', possible loss of data
D:\SME\SME-Assignment\Space-Invaders\source\UI\GameplayUI\GameplayUIController.cpp(47,156): warning C4244: 'argument': conversion from 'const float' to 'int', possible loss of data
  InstructionsScreenUIController.cpp
D:\SME\SME-Assignment\Space-Invaders\source\UI\Instructions\InstructionsScreenUIController.cpp(58,123): warning C4244: 'argument': conversion from 'T' to 'float', possible loss of data
D:\SME\SME-Assignment\Space-Invaders\source\UI\Instructions\InstructionsScreenUIController.cpp(58,123): warning C4244:         with
D:\SME\SME-Assignment\Space-Invaders\source\UI\Instructions\InstructionsScreenUIController.cpp(58,123): warning C4244:         [
D:\SME\SME-Assignment\Space-Invaders\source\UI\Instructions\InstructionsScreenUIController.cpp(58,123): warning C4244:             T=unsigned int
D:\SME\SME-Assignment\Space-Invaders\source\UI\Instructions\InstructionsScreenUIController.cpp(58,123): warning C4244:         ]
D:\SME\SME-Assignment\Space-Invaders\source\UI\Instructions\InstructionsScreenUIController.cpp(58,97): warning C4244: 'argument': conversion from 'T' to 'float', possible loss of data
D:\SME\SME-Assignment\Space-Invaders\source\UI\Instructions\InstructionsScreenUIController.cpp(58,97): warning C4244:         with
D:\SME\SME-Assignment\Space-Invaders\source\UI\Instructions\InstructionsScreenUIController.cpp(58,97): warning C4244:         [
D:\SME\SME-Assignment\Space-Invaders\source\UI\Instructions\InstructionsScreenUIController.cpp(58,97): warning C4244:             T=unsigned int
D:\SME\SME-Assignment\Space-Invaders\source\UI\Instructions\InstructionsScreenUIController.cpp(58,97): warning C4244:         ]
  MainMenuUIController.cpp
D:\SME\SME-Assignment\Space-Invaders\header\Gameplay\HighScore.h(17,6): warning C4091: 'static ': ignored on left of 'Gameplay::HighScore' when no variable is declared
  (compiling source file 'source/UI/MainMenu/MainMenuUIController.cpp')
  
D:\SME\SME-Assignment\Space-Invaders\source\UI\MainMenu\MainMenuUIController.cpp(63,123): warning C4244: 'argument': conversion from 'T' to 'float', possible loss of data
D:\SME\SME-Assignment\Space-Invaders\source\UI\MainMenu\MainMenuUIController.cpp(63,123): warning C4244:         with
D:\SME\SME-Assignment\Space-Invaders\source\UI\MainMenu\MainMenuUIController.cpp(63,123): warning C4244:         [
D:\SME\SME-Assignment\Space-Invaders\source\UI\MainMenu\MainMenuUIController.cpp(63,123): warning C4244:             T=unsigned int
D:\SME\SME-Assignment\Space-Invaders\source\UI\MainMenu\MainMenuUIController.cpp(63,123): warning C4244:         ]
D:\SME\SME-Assignment\Space-Invaders\source\UI\MainMenu\MainMenuUIController.cpp(63,97): warning C4244: 'argument': conversion from 'T' to 'float', possible loss of data
D:\SME\SME-Assignment\Space-Invaders\source\UI\MainMenu\MainMenuUIController.cpp(63,97): warning C4244:         with
D:\SME\SME-Assignment\Space-Invaders\source\UI\MainMenu\MainMenuUIController.cpp(63,97): warning C4244:         [
D:\SME\SME-Assignment\Space-Invaders\source\UI\MainMenu\MainMenuUIController.cpp(63,97): warning C4244:             T=unsigned int
D:\SME\SME-Assignment\Space-Invaders\source\UI\MainMenu\MainMenuUIController.cpp(63,97): warning C4244:         ]
  ButtonView.cpp
  UIView.cpp
  UIService.cpp
  SplashScreenUIController.cpp
  Generating Code...
D:\SME\SME-Assignment\Space-Invaders\source\Powerup\PowerupView.cpp(59,1): warning C4715: 'Powerup::PowerupView::getPowerupTexturePath': not all control paths return a value
D:\SME\SME-Assignment\Space-Invaders\source\Powerup\PowerupService.cpp(53,1): warning C4715: 'Powerup::PowerupService::createPowerup': not all control paths return a value
